15:04:42 **** Clean-only build of configuration Default for project VideoTest ****
"E:\\study\\android-ndk-r10b\\ndk-build.cmd" clean 
Android NDK: WARNING: APP_PLATFORM android-19 is larger than android:minSdkVersion 17 in ./AndroidManifest.xml    
[armeabi] Clean          : my-ndk [armeabi]
[armeabi] Clean          : stdc++ [armeabi]
15:04:53 **** Build of configuration Default for project VideoTest ****
"E:\\study\\android-ndk-r10b\\ndk-build.cmd" all 
Android NDK: WARNING: APP_PLATFORM android-19 is larger than android:minSdkVersion 17 in ./AndroidManifest.xml    
[armeabi] Compile++ thumb: my-ndk <= my-ndk.cpp
[armeabi] StaticLibrary  : libstdc++.a
[armeabi] SharedLibrary  : libmy-ndk.so
[armeabi] Install        : libmy-ndk.so => libs/armeabi/libmy-ndk.so
15:05:49 **** Clean-only build of configuration Default for project VideoTest ****
"E:\\study\\android-ndk-r10b\\ndk-build.cmd" clean 
Android NDK: WARNING: APP_PLATFORM android-19 is larger than android:minSdkVersion 17 in ./AndroidManifest.xml    
[armeabi] Clean          : my-ndk [armeabi]
[armeabi] Clean          : stdc++ [armeabi]
15:05:49 **** Build of configuration Default for project VideoTest ****
"E:\\study\\android-ndk-r10b\\ndk-build.cmd" all 
Android NDK: WARNING: APP_PLATFORM android-19 is larger than android:minSdkVersion 17 in ./AndroidManifest.xml    
[armeabi] Compile++ thumb: my-ndk <= my-ndk.cpp
[armeabi] StaticLibrary  : libstdc++.a
[armeabi] SharedLibrary  : libmy-ndk.so
[armeabi] Install        : libmy-ndk.so => libs/armeabi/libmy-ndk.so
15:06:36 **** Incremental Build of configuration Default for project VideoTest ****
"E:\\study\\android-ndk-r10b\\ndk-build.cmd" all 
Android NDK: WARNING: APP_PLATFORM android-19 is larger than android:minSdkVersion 17 in ./AndroidManifest.xml    
[armeabi] Install        : libmy-ndk.so => libs/armeabi/libmy-ndk.so
15:32:25 **** Clean-only build of configuration Default for project VideoTest ****
"E:\\study\\android-ndk-r10b\\ndk-build.cmd" clean 
Android NDK: WARNING: APP_PLATFORM android-19 is larger than android:minSdkVersion 17 in ./AndroidManifest.xml    
[armeabi] Clean          : my-ndk [armeabi]
[armeabi] Clean          : stdc++ [armeabi]
15:32:26 **** Build of configuration Default for project VideoTest ****
"E:\\study\\android-ndk-r10b\\ndk-build.cmd" all 
Android NDK: WARNING: APP_PLATFORM android-19 is larger than android:minSdkVersion 17 in ./AndroidManifest.xml    
[armeabi] Compile++ thumb: my-ndk <= my-ndk.cpp
[armeabi] StaticLibrary  : libstdc++.a
[armeabi] SharedLibrary  : libmy-ndk.so
[armeabi] Install        : libmy-ndk.so => libs/armeabi/libmy-ndk.so
16:20:11 **** Clean-only build of configuration Default for project VideoTest ****
"E:\\study\\android-ndk-r10b\\ndk-build.cmd" clean 
Android NDK: WARNING: APP_PLATFORM android-19 is larger than android:minSdkVersion 17 in ./AndroidManifest.xml    
[armeabi] Clean          : my-ndk [armeabi]
[armeabi] Clean          : stdc++ [armeabi]
16:20:12 **** Build of configuration Default for project VideoTest ****
"E:\\study\\android-ndk-r10b\\ndk-build.cmd" all 
Android NDK: WARNING: APP_PLATFORM android-19 is larger than android:minSdkVersion 17 in ./AndroidManifest.xml    
[armeabi] Compile++ thumb: my-ndk <= my-ndk.cpp
[armeabi] StaticLibrary  : libstdc++.a
[armeabi] SharedLibrary  : libmy-ndk.so
[armeabi] Install        : libmy-ndk.so => libs/armeabi/libmy-ndk.so
09:54:41 **** Clean-only build of configuration Default for project VideoTest ****
"E:\\study\\android-ndk-r10b\\ndk-build.cmd" clean 
Android NDK: WARNING: APP_PLATFORM android-19 is larger than android:minSdkVersion 17 in ./AndroidManifest.xml    
[armeabi] Clean          : my-ndk [armeabi]
[armeabi] Clean          : stdc++ [armeabi]
09:54:44 **** Build of configuration Default for project VideoTest ****
"E:\\study\\android-ndk-r10b\\ndk-build.cmd" all 
Android NDK: WARNING: APP_PLATFORM android-19 is larger than android:minSdkVersion 17 in ./AndroidManifest.xml    
[armeabi] Compile++ thumb: my-ndk <= my-ndk.cpp
[armeabi] StaticLibrary  : libstdc++.a
[armeabi] SharedLibrary  : libmy-ndk.so
[armeabi] Install        : libmy-ndk.so => libs/armeabi/libmy-ndk.so
10:18:58 **** Incremental Build of configuration Default for project VideoTest ****
"E:\\study\\android-ndk-r10b\\ndk-build.cmd" all 
Android NDK: WARNING: APP_PLATFORM android-19 is larger than android:minSdkVersion 17 in ./AndroidManifest.xml    
[armeabi] Install        : libmy-ndk.so => libs/armeabi/libmy-ndk.so
10:20:49 **** Incremental Build of configuration Default for project VideoTest ****
"E:\\study\\android-ndk-r10b\\ndk-build.cmd" all 
Android NDK: WARNING: APP_PLATFORM android-19 is larger than android:minSdkVersion 17 in ./AndroidManifest.xml    
[armeabi] Install        : libmy-ndk.so => libs/armeabi/libmy-ndk.so
11:41:42 **** Clean-only build of configuration Default for project Myhhhhffpegtest ****
"E:\\study\\android-ndk-r10b\\ndk-build.cmd" clean 
Android NDK: WARNING: APP_PLATFORM android-19 is larger than android:minSdkVersion 15 in ./AndroidManifest.xml    
[armeabi] Clean          : Myhhhhffpegtest [armeabi]
[armeabi] Clean          : stdc++ [armeabi]
11:41:43 **** Build of configuration Default for project Myhhhhffpegtest ****
"E:\\study\\android-ndk-r10b\\ndk-build.cmd" all 
Android NDK: WARNING: APP_PLATFORM android-19 is larger than android:minSdkVersion 15 in ./AndroidManifest.xml    
[armeabi] Compile++ thumb: Myhhhhffpegtest <= Myhhhhffpegtest.cpp
[armeabi] StaticLibrary  : libstdc++.a
[armeabi] SharedLibrary  : libMyhhhhffpegtest.so
[armeabi] Install        : libMyhhhhffpegtest.so => libs/armeabi/libMyhhhhffpegtest.so
11:41:48 **** Incremental Build of configuration Default for project VideoTest ****
"E:\\study\\android-ndk-r10b\\ndk-build.cmd" all 
Android NDK: WARNING: APP_PLATFORM android-19 is larger than android:minSdkVersion 17 in ./AndroidManifest.xml    
[armeabi] Install        : libmy-ndk.so => libs/armeabi/libmy-ndk.so
14:57:40 **** Incremental Build of configuration Default for project Myhhhhffpegtest ****
"E:\\study\\android-ndk-r10b\\ndk-build.cmd" all 
Android NDK: WARNING: APP_PLATFORM android-19 is larger than android:minSdkVersion 15 in ./AndroidManifest.xml    
[armeabi] Install        : libMyhhhhffpegtest.so => libs/armeabi/libMyhhhhffpegtest.so
18:58:40 **** Clean-only build of configuration Default for project VideoTest ****
"E:\\study\\android-ndk-r10b\\ndk-build.cmd" clean 
Android NDK: WARNING: APP_PLATFORM android-19 is larger than android:minSdkVersion 17 in ./AndroidManifest.xml    
[armeabi] Clean          : my-ndk [armeabi]
[armeabi] Clean          : stdc++ [armeabi]
18:58:46 **** Build of configuration Default for project VideoTest ****
"E:\\study\\android-ndk-r10b\\ndk-build.cmd" all 
Android NDK: WARNING: APP_PLATFORM android-19 is larger than android:minSdkVersion 17 in ./AndroidManifest.xml    
[armeabi] Compile++ thumb: my-ndk <= my-ndk.cpp
[armeabi] StaticLibrary  : libstdc++.a
[armeabi] SharedLibrary  : libmy-ndk.so
[armeabi] Install        : libmy-ndk.so => libs/armeabi/libmy-ndk.so
19:03:06 **** Incremental Build of configuration Default for project VideoTest ****
"E:\\study\\android-ndk-r10b\\ndk-build.cmd" all 
Android NDK: WARNING: APP_PLATFORM android-19 is larger than android:minSdkVersion 17 in ./AndroidManifest.xml    
[armeabi] Install        : libmy-ndk.so => libs/armeabi/libmy-ndk.so
09:22:44 **** Build of configuration Default for project VideoTest ****
"E:\\study\\android-ndk-r10b\\ndk-build.cmd" all 
Android NDK: WARNING: APP_PLATFORM android-19 is larger than android:minSdkVersion 17 in ./AndroidManifest.xml    
[armeabi] Install        : libmy-ndk.so => libs/armeabi/libmy-ndk.so
10:09:08 **** Incremental Build of configuration Default for project VideoTest ****
"E:\\study\\android-ndk-r10b\\ndk-build.cmd" all 
Android NDK: WARNING: APP_PLATFORM android-19 is larger than android:minSdkVersion 17 in ./AndroidManifest.xml    
[armeabi] Install        : libmy-ndk.so => libs/armeabi/libmy-ndk.so
10:11:59 **** Clean-only build of configuration Default for project VideoTest ****
"E:\\study\\android-ndk-r10b\\ndk-build.cmd" clean 
Android NDK: WARNING: APP_PLATFORM android-19 is larger than android:minSdkVersion 17 in ./AndroidManifest.xml    
[armeabi] Clean          : my-ndk [armeabi]
[armeabi] Clean          : stdc++ [armeabi]
10:12:08 **** Build of configuration Default for project VideoTest ****
"E:\\study\\android-ndk-r10b\\ndk-build.cmd" all 
Android NDK: WARNING: APP_PLATFORM android-19 is larger than android:minSdkVersion 17 in ./AndroidManifest.xml    
[armeabi] Compile++ thumb: my-ndk <= my-ndk.cpp
[armeabi] StaticLibrary  : libstdc++.a
[armeabi] SharedLibrary  : libmy-ndk.so
[armeabi] Install        : libmy-ndk.so => libs/armeabi/libmy-ndk.so
10:13:55 **** Incremental Build of configuration Default for project VideoTest ****
"E:\\study\\android-ndk-r10b\\ndk-build.cmd" all 
Android NDK: WARNING: APP_PLATFORM android-19 is larger than android:minSdkVersion 17 in ./AndroidManifest.xml    
[armeabi] Install        : libmy-ndk.so => libs/armeabi/libmy-ndk.so
10:41:52 **** Build of configuration Default for project VideoTest ****
"E:\\study\\android-ndk-r10b\\ndk-build.cmd" all 
Android NDK: WARNING: APP_PLATFORM android-19 is larger than android:minSdkVersion 17 in ./AndroidManifest.xml    
[armeabi] Install        : libmy-ndk.so => libs/armeabi/libmy-ndk.so
10:42:23 **** Incremental Build of configuration Default for project VideoTest ****
"E:\\study\\android-ndk-r10b\\ndk-build.cmd" all 
Android NDK: WARNING: APP_PLATFORM android-19 is larger than android:minSdkVersion 17 in ./AndroidManifest.xml    
[armeabi] Install        : libmy-ndk.so => libs/armeabi/libmy-ndk.so
10:42:38 **** Incremental Build of configuration Default for project VideoTest ****
"E:\\study\\android-ndk-r10b\\ndk-build.cmd" all 
Android NDK: WARNING: APP_PLATFORM android-19 is larger than android:minSdkVersion 17 in ./AndroidManifest.xml    
[armeabi] Install        : libmy-ndk.so => libs/armeabi/libmy-ndk.so
10:43:00 **** Incremental Build of configuration Default for project VideoTest ****
"E:\\study\\android-ndk-r10b\\ndk-build.cmd" all 
Android NDK: WARNING: APP_PLATFORM android-19 is larger than android:minSdkVersion 17 in ./AndroidManifest.xml    
[armeabi] Install        : libmy-ndk.so => libs/armeabi/libmy-ndk.so
18:21:46 **** Incremental Build of configuration Default for project VideoTest ****
"E:\\study\\android-ndk-r10b\\ndk-build.cmd" all 
Android NDK: WARNING: APP_PLATFORM android-19 is larger than android:minSdkVersion 17 in ./AndroidManifest.xml    
[armeabi] Install        : libmy-ndk.so => libs/armeabi/libmy-ndk.so
18:42:33 **** Incremental Build of configuration Default for project VideoTest ****
"E:\\study\\android-ndk-r10b\\ndk-build.cmd" all 
Android NDK: WARNING: APP_PLATFORM android-19 is larger than android:minSdkVersion 17 in ./AndroidManifest.xml    
[armeabi] Install        : libmy-ndk.so => libs/armeabi/libmy-ndk.so
18:45:05 **** Incremental Build of configuration Default for project VideoTest ****
"E:\\study\\android-ndk-r10b\\ndk-build.cmd" all 
Android NDK: WARNING: APP_PLATFORM android-19 is larger than android:minSdkVersion 17 in ./AndroidManifest.xml    
[armeabi] Install        : libmy-ndk.so => libs/armeabi/libmy-ndk.so
18:46:29 **** Incremental Build of configuration Default for project VideoTest ****
"E:\\study\\android-ndk-r10b\\ndk-build.cmd" all 
Android NDK: WARNING: APP_PLATFORM android-19 is larger than android:minSdkVersion 17 in ./AndroidManifest.xml    
[armeabi] Install        : libmy-ndk.so => libs/armeabi/libmy-ndk.so
19:52:11 **** Incremental Build of configuration Default for project VideoTest ****
"E:\\study\\android-ndk-r10b\\ndk-build.cmd" all 
Android NDK: WARNING: APP_PLATFORM android-19 is larger than android:minSdkVersion 17 in ./AndroidManifest.xml    
[armeabi] Install        : libmy-ndk.so => libs/armeabi/libmy-ndk.so
18:31:11 **** Incremental Build of configuration Default for project VideoTest ****
"E:\\study\\android-ndk-r10b\\ndk-build.cmd" all 
Android NDK: WARNING: APP_PLATFORM android-19 is larger than android:minSdkVersion 17 in ./AndroidManifest.xml    
[armeabi] Install        : libmy-ndk.so => libs/armeabi/libmy-ndk.so
18:36:33 **** Incremental Build of configuration Default for project VideoTest ****
"E:\\study\\android-ndk-r10b\\ndk-build.cmd" all 
Android NDK: WARNING: APP_PLATFORM android-19 is larger than android:minSdkVersion 17 in ./AndroidManifest.xml    
[armeabi] Install        : libmy-ndk.so => libs/armeabi/libmy-ndk.so
10:03:52 **** Build of configuration Default for project VideoTest ****
"E:\\study\\android-ndk-r10b\\ndk-build.cmd" all 
Android NDK: WARNING: APP_PLATFORM android-19 is larger than android:minSdkVersion 17 in ./AndroidManifest.xml    
[armeabi] Install        : libmy-ndk.so => libs/armeabi/libmy-ndk.so
10:12:58 **** Incremental Build of configuration Default for project VideoTest ****
"E:\\study\\android-ndk-r10b\\ndk-build.cmd" all 
Android NDK: WARNING: APP_PLATFORM android-19 is larger than android:minSdkVersion 17 in ./AndroidManifest.xml    
[armeabi] Install        : libmy-ndk.so => libs/armeabi/libmy-ndk.so
20:57:05 **** Incremental Build of configuration Default for project VideoTest ****
"E:\\study\\android-ndk-r10b\\ndk-build.cmd" all 
Android NDK: WARNING: APP_PLATFORM android-19 is larger than android:minSdkVersion 17 in ./AndroidManifest.xml    
[armeabi] Install        : libmy-ndk.so => libs/armeabi/libmy-ndk.so
21:01:07 **** Incremental Build of configuration Default for project VideoTest ****
"E:\\study\\android-ndk-r10b\\ndk-build.cmd" all 
Android NDK: WARNING: APP_PLATFORM android-19 is larger than android:minSdkVersion 17 in ./AndroidManifest.xml    
[armeabi] Install        : libmy-ndk.so => libs/armeabi/libmy-ndk.so
09:17:40 **** Build of configuration Default for project VideoTest ****
"E:\\study\\android-ndk-r10b\\ndk-build.cmd" all 
Android NDK: WARNING: APP_PLATFORM android-19 is larger than android:minSdkVersion 17 in ./AndroidManifest.xml    
[armeabi] Install        : libmy-ndk.so => libs/armeabi/libmy-ndk.so
09:20:33 **** Incremental Build of configuration Default for project VideoTest ****
"E:\\study\\android-ndk-r10b\\ndk-build.cmd" all 
Android NDK: WARNING: APP_PLATFORM android-19 is larger than android:minSdkVersion 17 in ./AndroidManifest.xml    
[armeabi] Install        : libmy-ndk.so => libs/armeabi/libmy-ndk.so
10:15:46 **** Incremental Build of configuration Default for project VideoTest ****
"E:\\study\\android-ndk-r10b\\ndk-build.cmd" all 
Android NDK: WARNING: APP_PLATFORM android-19 is larger than android:minSdkVersion 17 in ./AndroidManifest.xml    
[armeabi] Install        : libmy-ndk.so => libs/armeabi/libmy-ndk.so
10:17:32 **** Incremental Build of configuration Default for project VideoTest ****
"E:\\study\\android-ndk-r10b\\ndk-build.cmd" all 
Android NDK: WARNING: APP_PLATFORM android-19 is larger than android:minSdkVersion 17 in ./AndroidManifest.xml    
[armeabi] Install        : libmy-ndk.so => libs/armeabi/libmy-ndk.so
10:20:56 **** Incremental Build of configuration Default for project VideoTest ****
"E:\\study\\android-ndk-r10b\\ndk-build.cmd" all 
Android NDK: WARNING: APP_PLATFORM android-19 is larger than android:minSdkVersion 17 in ./AndroidManifest.xml    
[armeabi] Install        : libmy-ndk.so => libs/armeabi/libmy-ndk.so
10:28:52 **** Incremental Build of configuration Default for project VideoTest ****
"E:\\study\\android-ndk-r10b\\ndk-build.cmd" all 
Android NDK: WARNING: APP_PLATFORM android-19 is larger than android:minSdkVersion 17 in ./AndroidManifest.xml    
[armeabi] Install        : libmy-ndk.so => libs/armeabi/libmy-ndk.so
11:00:02 **** Incremental Build of configuration Default for project VideoTest ****
"E:\\study\\android-ndk-r10b\\ndk-build.cmd" all 
Android NDK: WARNING: APP_PLATFORM android-19 is larger than android:minSdkVersion 17 in ./AndroidManifest.xml    
[armeabi] Install        : libmy-ndk.so => libs/armeabi/libmy-ndk.so
11:01:08 **** Incremental Build of configuration Default for project VideoTest ****
"E:\\study\\android-ndk-r10b\\ndk-build.cmd" all 
Android NDK: WARNING: APP_PLATFORM android-19 is larger than android:minSdkVersion 17 in ./AndroidManifest.xml    
[armeabi] Install        : libmy-ndk.so => libs/armeabi/libmy-ndk.so
13:56:19 **** Incremental Build of configuration Default for project VideoTest ****
"E:\\study\\android-ndk-r10b\\ndk-build.cmd" all 
Android NDK: WARNING: APP_PLATFORM android-19 is larger than android:minSdkVersion 17 in ./AndroidManifest.xml    
[armeabi] Install        : libmy-ndk.so => libs/armeabi/libmy-ndk.so
14:02:35 **** Incremental Build of configuration Default for project VideoTest ****
"E:\\study\\android-ndk-r10b\\ndk-build.cmd" all 
Android NDK: WARNING: APP_PLATFORM android-19 is larger than android:minSdkVersion 17 in ./AndroidManifest.xml    
[armeabi] Install        : libmy-ndk.so => libs/armeabi/libmy-ndk.so
14:25:21 **** Incremental Build of configuration Default for project VideoTest ****
"E:\\study\\android-ndk-r10b\\ndk-build.cmd" all 
Android NDK: WARNING: APP_PLATFORM android-19 is larger than android:minSdkVersion 17 in ./AndroidManifest.xml    
[armeabi] Install        : libmy-ndk.so => libs/armeabi/libmy-ndk.so
14:26:01 **** Incremental Build of configuration Default for project VideoTest ****
"E:\\study\\android-ndk-r10b\\ndk-build.cmd" all 
Android NDK: WARNING: APP_PLATFORM android-19 is larger than android:minSdkVersion 17 in ./AndroidManifest.xml    
[armeabi] Install        : libmy-ndk.so => libs/armeabi/libmy-ndk.so
14:29:10 **** Incremental Build of configuration Default for project VideoTest ****
"E:\\study\\android-ndk-r10b\\ndk-build.cmd" all 
Android NDK: WARNING: APP_PLATFORM android-19 is larger than android:minSdkVersion 17 in ./AndroidManifest.xml    
[armeabi] Install        : libmy-ndk.so => libs/armeabi/libmy-ndk.so
14:40:39 **** Incremental Build of configuration Default for project VideoTest ****
"E:\\study\\android-ndk-r10b\\ndk-build.cmd" all 
Android NDK: WARNING: APP_PLATFORM android-19 is larger than android:minSdkVersion 17 in ./AndroidManifest.xml    
[armeabi] Install        : libmy-ndk.so => libs/armeabi/libmy-ndk.so
14:41:46 **** Incremental Build of configuration Default for project VideoTest ****
"E:\\study\\android-ndk-r10b\\ndk-build.cmd" all 
Android NDK: WARNING: APP_PLATFORM android-19 is larger than android:minSdkVersion 17 in ./AndroidManifest.xml    
[armeabi] Install        : libmy-ndk.so => libs/armeabi/libmy-ndk.so
14:43:56 **** Incremental Build of configuration Default for project VideoTest ****
"E:\\study\\android-ndk-r10b\\ndk-build.cmd" all 
Android NDK: WARNING: APP_PLATFORM android-19 is larger than android:minSdkVersion 17 in ./AndroidManifest.xml    
[armeabi] Install        : libmy-ndk.so => libs/armeabi/libmy-ndk.so
14:52:32 **** Incremental Build of configuration Default for project VideoTest ****
"E:\\study\\android-ndk-r10b\\ndk-build.cmd" all 
Android NDK: WARNING: APP_PLATFORM android-19 is larger than android:minSdkVersion 17 in ./AndroidManifest.xml    
[armeabi] Install        : libmy-ndk.so => libs/armeabi/libmy-ndk.so
15:29:19 **** Incremental Build of configuration Default for project VideoTest ****
"E:\\study\\android-ndk-r10b\\ndk-build.cmd" all 
Android NDK: WARNING: APP_PLATFORM android-19 is larger than android:minSdkVersion 17 in ./AndroidManifest.xml    
[armeabi] Install        : libmy-ndk.so => libs/armeabi/libmy-ndk.so
15:30:11 **** Incremental Build of configuration Default for project VideoTest ****
"E:\\study\\android-ndk-r10b\\ndk-build.cmd" all 
Android NDK: WARNING: APP_PLATFORM android-19 is larger than android:minSdkVersion 17 in ./AndroidManifest.xml    
[armeabi] Install        : libmy-ndk.so => libs/armeabi/libmy-ndk.so
16:04:47 **** Incremental Build of configuration Default for project VideoTest ****
"E:\\study\\android-ndk-r10b\\ndk-build.cmd" all 
Android NDK: WARNING: APP_PLATFORM android-19 is larger than android:minSdkVersion 17 in ./AndroidManifest.xml    
[armeabi] Install        : libmy-ndk.so => libs/armeabi/libmy-ndk.so
16:08:11 **** Incremental Build of configuration Default for project VideoTest ****
"E:\\study\\android-ndk-r10b\\ndk-build.cmd" all 
Android NDK: WARNING: APP_PLATFORM android-19 is larger than android:minSdkVersion 17 in ./AndroidManifest.xml    
[armeabi] Install        : libmy-ndk.so => libs/armeabi/libmy-ndk.so
18:17:59 **** Incremental Build of configuration Default for project VideoTest ****
"E:\\study\\android-ndk-r10b\\ndk-build.cmd" all 
Android NDK: WARNING: APP_PLATFORM android-19 is larger than android:minSdkVersion 17 in ./AndroidManifest.xml    
[armeabi] Install        : libmy-ndk.so => libs/armeabi/libmy-ndk.so
19:43:18 **** Incremental Build of configuration Default for project VideoTest ****
"E:\\study\\android-ndk-r10b\\ndk-build.cmd" all 
Android NDK: WARNING: APP_PLATFORM android-19 is larger than android:minSdkVersion 17 in ./AndroidManifest.xml    
[armeabi] Install        : libmy-ndk.so => libs/armeabi/libmy-ndk.so
08:56:43 **** Clean-only build of configuration Default for project VideoTest ****
"E:\\study\\android-ndk-r10b\\ndk-build.cmd" clean 
Android NDK: WARNING: APP_PLATFORM android-19 is larger than android:minSdkVersion 17 in ./AndroidManifest.xml    
[armeabi] Clean          : my-ndk [armeabi]
[armeabi] Clean          : stdc++ [armeabi]
08:57:49 **** Build of configuration Default for project VideoTest ****
"E:\\study\\android-ndk-r10b\\ndk-build.cmd" all 
Android NDK: WARNING: APP_PLATFORM android-19 is larger than android:minSdkVersion 17 in ./AndroidManifest.xml    
[armeabi] Compile++ thumb: my-ndk <= my-ndk.cpp
[armeabi] StaticLibrary  : libstdc++.a
[armeabi] SharedLibrary  : libmy-ndk.so
[armeabi] Install        : libmy-ndk.so => libs/armeabi/libmy-ndk.so
16:57:26 **** Incremental Build of configuration Default for project VideoTest ****
"E:\\study\\android-ndk-r10b\\ndk-build.cmd" all 
Android NDK: WARNING: APP_PLATFORM android-19 is larger than android:minSdkVersion 17 in ./AndroidManifest.xml    
[armeabi] Install        : libmy-ndk.so => libs/armeabi/libmy-ndk.so
17:03:13 **** Incremental Build of configuration Default for project VideoTest ****
"E:\\study\\android-ndk-r10b\\ndk-build.cmd" all 
Android NDK: WARNING: APP_PLATFORM android-19 is larger than android:minSdkVersion 17 in ./AndroidManifest.xml    
[armeabi] Install        : libmy-ndk.so => libs/armeabi/libmy-ndk.so
17:24:24 **** Incremental Build of configuration Default for project VideoTest ****
"E:\\study\\android-ndk-r10b\\ndk-build.cmd" all 
Android NDK: WARNING: APP_PLATFORM android-19 is larger than android:minSdkVersion 17 in ./AndroidManifest.xml    
[armeabi] Install        : libmy-ndk.so => libs/armeabi/libmy-ndk.so
17:52:20 **** Incremental Build of configuration Default for project VideoTest ****
"E:\\study\\android-ndk-r10b\\ndk-build.cmd" all 
Android NDK: WARNING: APP_PLATFORM android-19 is larger than android:minSdkVersion 17 in ./AndroidManifest.xml    
[armeabi] Install        : libmy-ndk.so => libs/armeabi/libmy-ndk.so
08:59:25 **** Incremental Build of configuration Default for project VideoTest ****
"E:\\study\\android-ndk-r10b\\ndk-build.cmd" all 
Android NDK: WARNING: APP_PLATFORM android-19 is larger than android:minSdkVersion 17 in ./AndroidManifest.xml    
[armeabi] Install        : libmy-ndk.so => libs/armeabi/libmy-ndk.so
17:23:52 **** Incremental Build of configuration Default for project VideoTest ****
"E:\\study\\android-ndk-r10b\\ndk-build.cmd" all 
Android NDK: WARNING: APP_PLATFORM android-19 is larger than android:minSdkVersion 17 in ./AndroidManifest.xml    
[armeabi] Install        : libmy-ndk.so => libs/armeabi/libmy-ndk.so
15:30:56 **** Build of configuration Default for project VideoTest ****
"E:\\study\\android-ndk-r10b\\ndk-build.cmd" all 
Android NDK: WARNING: APP_PLATFORM android-19 is larger than android:minSdkVersion 17 in ./AndroidManifest.xml    
[armeabi] Install        : libmy-ndk.so => libs/armeabi/libmy-ndk.so
18:20:17 **** Incremental Build of configuration Default for project VideoTest ****
"E:\\study\\android-ndk-r10b\\ndk-build.cmd" all 
Android NDK: WARNING: APP_PLATFORM android-19 is larger than android:minSdkVersion 17 in ./AndroidManifest.xml    
[armeabi] Install        : libmy-ndk.so => libs/armeabi/libmy-ndk.so
18:22:31 **** Incremental Build of configuration Default for project VideoTest ****
"E:\\study\\android-ndk-r10b\\ndk-build.cmd" all 
Android NDK: WARNING: APP_PLATFORM android-19 is larger than android:minSdkVersion 17 in ./AndroidManifest.xml    
[armeabi] Install        : libmy-ndk.so => libs/armeabi/libmy-ndk.so
18:23:54 **** Incremental Build of configuration Default for project VideoTest ****
"E:\\study\\android-ndk-r10b\\ndk-build.cmd" all 
Android NDK: WARNING: APP_PLATFORM android-19 is larger than android:minSdkVersion 17 in ./AndroidManifest.xml    
[armeabi] Install        : libmy-ndk.so => libs/armeabi/libmy-ndk.so
18:43:24 **** Incremental Build of configuration Default for project VideoTest ****
"E:\\study\\android-ndk-r10b\\ndk-build.cmd" all 
Android NDK: WARNING: APP_PLATFORM android-19 is larger than android:minSdkVersion 17 in ./AndroidManifest.xml    
[armeabi] Install        : libmy-ndk.so => libs/armeabi/libmy-ndk.so
18:45:10 **** Incremental Build of configuration Default for project VideoTest ****
"E:\\study\\android-ndk-r10b\\ndk-build.cmd" all 
Android NDK: WARNING: APP_PLATFORM android-19 is larger than android:minSdkVersion 17 in ./AndroidManifest.xml    
[armeabi] Install        : libmy-ndk.so => libs/armeabi/libmy-ndk.so
18:45:50 **** Incremental Build of configuration Default for project VideoTest ****
"E:\\study\\android-ndk-r10b\\ndk-build.cmd" all 
Android NDK: WARNING: APP_PLATFORM android-19 is larger than android:minSdkVersion 17 in ./AndroidManifest.xml    
[armeabi] Install        : libmy-ndk.so => libs/armeabi/libmy-ndk.so
18:46:30 **** Incremental Build of configuration Default for project VideoTest ****
"E:\\study\\android-ndk-r10b\\ndk-build.cmd" all 
Android NDK: WARNING: APP_PLATFORM android-19 is larger than android:minSdkVersion 17 in ./AndroidManifest.xml    
[armeabi] Install        : libmy-ndk.so => libs/armeabi/libmy-ndk.so
18:47:13 **** Incremental Build of configuration Default for project VideoTest ****
"E:\\study\\android-ndk-r10b\\ndk-build.cmd" all 
Android NDK: WARNING: APP_PLATFORM android-19 is larger than android:minSdkVersion 17 in ./AndroidManifest.xml    
[armeabi] Install        : libmy-ndk.so => libs/armeabi/libmy-ndk.so
18:51:21 **** Incremental Build of configuration Default for project VideoTest ****
"E:\\study\\android-ndk-r10b\\ndk-build.cmd" all 
Android NDK: WARNING: APP_PLATFORM android-19 is larger than android:minSdkVersion 17 in ./AndroidManifest.xml    
[armeabi] Install        : libmy-ndk.so => libs/armeabi/libmy-ndk.so
18:54:44 **** Incremental Build of configuration Default for project VideoTest ****
"E:\\study\\android-ndk-r10b\\ndk-build.cmd" all 
Android NDK: WARNING: APP_PLATFORM android-19 is larger than android:minSdkVersion 17 in ./AndroidManifest.xml    
[armeabi] Install        : libmy-ndk.so => libs/armeabi/libmy-ndk.so
18:56:08 **** Incremental Build of configuration Default for project VideoTest ****
"E:\\study\\android-ndk-r10b\\ndk-build.cmd" all 
Android NDK: WARNING: APP_PLATFORM android-19 is larger than android:minSdkVersion 17 in ./AndroidManifest.xml    
[armeabi] Install        : libmy-ndk.so => libs/armeabi/libmy-ndk.so
18:56:29 **** Incremental Build of configuration Default for project VideoTest ****
"E:\\study\\android-ndk-r10b\\ndk-build.cmd" all 
Android NDK: WARNING: APP_PLATFORM android-19 is larger than android:minSdkVersion 17 in ./AndroidManifest.xml    
[armeabi] Install        : libmy-ndk.so => libs/armeabi/libmy-ndk.so
18:57:03 **** Incremental Build of configuration Default for project VideoTest ****
"E:\\study\\android-ndk-r10b\\ndk-build.cmd" all 
Android NDK: WARNING: APP_PLATFORM android-19 is larger than android:minSdkVersion 17 in ./AndroidManifest.xml    
[armeabi] Install        : libmy-ndk.so => libs/armeabi/libmy-ndk.so
19:01:27 **** Incremental Build of configuration Default for project VideoTest ****
"E:\\study\\android-ndk-r10b\\ndk-build.cmd" all 
Android NDK: WARNING: APP_PLATFORM android-19 is larger than android:minSdkVersion 17 in ./AndroidManifest.xml    
[armeabi] Install        : libmy-ndk.so => libs/armeabi/libmy-ndk.so
19:01:54 **** Incremental Build of configuration Default for project VideoTest ****
"E:\\study\\android-ndk-r10b\\ndk-build.cmd" all 
Android NDK: WARNING: APP_PLATFORM android-19 is larger than android:minSdkVersion 17 in ./AndroidManifest.xml    
[armeabi] Install        : libmy-ndk.so => libs/armeabi/libmy-ndk.so
09:24:41 **** Incremental Build of configuration Default for project VideoTest ****
"E:\\study\\android-ndk-r10b\\ndk-build.cmd" all 
Android NDK: WARNING: APP_PLATFORM android-19 is larger than android:minSdkVersion 17 in ./AndroidManifest.xml    
[armeabi] Install        : libmy-ndk.so => libs/armeabi/libmy-ndk.so
09:36:03 **** Incremental Build of configuration Default for project VideoTest ****
"E:\\study\\android-ndk-r10b\\ndk-build.cmd" all 
Android NDK: WARNING: APP_PLATFORM android-19 is larger than android:minSdkVersion 17 in ./AndroidManifest.xml    
[armeabi] Install        : libmy-ndk.so => libs/armeabi/libmy-ndk.so
09:44:56 **** Incremental Build of configuration Default for project VideoTest ****
"E:\\study\\android-ndk-r10b\\ndk-build.cmd" all 
Android NDK: WARNING: APP_PLATFORM android-19 is larger than android:minSdkVersion 17 in ./AndroidManifest.xml    
[armeabi] Install        : libmy-ndk.so => libs/armeabi/libmy-ndk.so
09:49:21 **** Incremental Build of configuration Default for project VideoTest ****
"E:\\study\\android-ndk-r10b\\ndk-build.cmd" all 
Android NDK: WARNING: APP_PLATFORM android-19 is larger than android:minSdkVersion 17 in ./AndroidManifest.xml    
[armeabi] Install        : libmy-ndk.so => libs/armeabi/libmy-ndk.so
10:05:28 **** Incremental Build of configuration Default for project VideoTest ****
"E:\\study\\android-ndk-r10b\\ndk-build.cmd" all 
Android NDK: WARNING: APP_PLATFORM android-19 is larger than android:minSdkVersion 17 in ./AndroidManifest.xml    
[armeabi] Install        : libmy-ndk.so => libs/armeabi/libmy-ndk.so
10:05:50 **** Incremental Build of configuration Default for project VideoTest ****
"E:\\study\\android-ndk-r10b\\ndk-build.cmd" all 
Android NDK: WARNING: APP_PLATFORM android-19 is larger than android:minSdkVersion 17 in ./AndroidManifest.xml    
[armeabi] Install        : libmy-ndk.so => libs/armeabi/libmy-ndk.so
10:14:30 **** Incremental Build of configuration Default for project VideoTest ****
"E:\\study\\android-ndk-r10b\\ndk-build.cmd" all 
Android NDK: WARNING: APP_PLATFORM android-19 is larger than android:minSdkVersion 17 in ./AndroidManifest.xml    
[armeabi] Install        : libmy-ndk.so => libs/armeabi/libmy-ndk.so
10:33:48 **** Incremental Build of configuration Default for project VideoTest ****
"E:\\study\\android-ndk-r10b\\ndk-build.cmd" all 
Android NDK: WARNING: APP_PLATFORM android-19 is larger than android:minSdkVersion 17 in ./AndroidManifest.xml    
[armeabi] Install        : libmy-ndk.so => libs/armeabi/libmy-ndk.so
10:34:11 **** Incremental Build of configuration Default for project VideoTest ****
"E:\\study\\android-ndk-r10b\\ndk-build.cmd" all 
Android NDK: WARNING: APP_PLATFORM android-19 is larger than android:minSdkVersion 17 in ./AndroidManifest.xml    
[armeabi] Install        : libmy-ndk.so => libs/armeabi/libmy-ndk.so
10:53:51 **** Incremental Build of configuration Default for project VideoTest ****
"E:\\study\\android-ndk-r10b\\ndk-build.cmd" all 
Android NDK: WARNING: APP_PLATFORM android-19 is larger than android:minSdkVersion 17 in ./AndroidManifest.xml    
[armeabi] Install        : libmy-ndk.so => libs/armeabi/libmy-ndk.so
10:56:13 **** Incremental Build of configuration Default for project VideoTest ****
"E:\\study\\android-ndk-r10b\\ndk-build.cmd" all 
Android NDK: WARNING: APP_PLATFORM android-19 is larger than android:minSdkVersion 17 in ./AndroidManifest.xml    
[armeabi] Install        : libmy-ndk.so => libs/armeabi/libmy-ndk.so
10:57:48 **** Incremental Build of configuration Default for project VideoTest ****
"E:\\study\\android-ndk-r10b\\ndk-build.cmd" all 
Android NDK: WARNING: APP_PLATFORM android-19 is larger than android:minSdkVersion 17 in ./AndroidManifest.xml    
[armeabi] Install        : libmy-ndk.so => libs/armeabi/libmy-ndk.so
11:00:33 **** Incremental Build of configuration Default for project VideoTest ****
"E:\\study\\android-ndk-r10b\\ndk-build.cmd" all 
Android NDK: WARNING: APP_PLATFORM android-19 is larger than android:minSdkVersion 17 in ./AndroidManifest.xml    
[armeabi] Install        : libmy-ndk.so => libs/armeabi/libmy-ndk.so
11:00:57 **** Incremental Build of configuration Default for project VideoTest ****
"E:\\study\\android-ndk-r10b\\ndk-build.cmd" all 
Android NDK: WARNING: APP_PLATFORM android-19 is larger than android:minSdkVersion 17 in ./AndroidManifest.xml    
[armeabi] Install        : libmy-ndk.so => libs/armeabi/libmy-ndk.so
